compiling ...
  ./Book.cpp
  ./Booklist.cpp
  ./main.cpp
  ./RegressionTests/BookListTests.cpp
  ./RegressionTests/BookTests.cpp

clang++ -g0 -O3 -DNDEBUG -pthread -std=c++17 -I./ -DUSING_TOMS_SUGGESTIONS -D__func__=__PRETTY_FUNCTION__ -stdlib=libc++ -Weverything -Wno-comma -Wno-unused-template -Wno-sign-conversion -Wno-exit-time-destructors -Wno-global-constructors -Wno-missing-prototypes -Wno-weak-vtables -Wno-padded -Wno-double-promotion -Wno-c++98-compat-pedantic -Wno-c++11-compat-pedantic -Wno-c++14-compat-pedantic -Wno-c++17-compat-pedantic -fdiagnostics-show-category=name
clang version 10.0.1 
Target: x86_64-unknown-linux-gnu
Thread model: posix
InstalledDir: /usr/bin
./Book.cpp:19:11: warning: field '_author' will be initialized after field '_isbn' [-Wreorder-ctor,Semantic Issue]
          _author(author),
          ^
./Book.cpp:104:24: warning: comparing floating point with == or != is unsafe [-Wfloat-equal,Semantic Issue]
        && (lhs._price == rhs._price) < EPSILON; //std::abs
            ~~~~~~~~~~ ^  ~~~~~~~~~~
./Book.cpp:108:5: warning: all paths through this function will call itself [-Winfinite-recursion,Semantic Issue]
    {
    ^
./Book.cpp:112:10: warning: no previous extern declaration for non-static variable 'result' [-Wmissing-variable-declarations,Semantic Issue]
    auto result =0;
         ^
./Book.cpp:112:5: note: declare 'static' if the variable is not intended to be used outside of this translation unit [Semantic Issue]
    auto result =0;
    ^
./Book.cpp:129:23: warning: comparing floating point with == or != is unsafe [-Wfloat-equal,Semantic Issue]
     if ( (lhs._price == rhs._price) >= EPSILON){
           ~~~~~~~~~~ ^  ~~~~~~~~~~
./Book.cpp:136:59: warning: all paths through this function will call itself [-Winfinite-recursion,Semantic Issue]
    bool operator<=( const Book & lhs, const Book & rhs ) {return !(rhs <= lhs);}
                                                          ^
./Book.cpp:138:59: warning: all paths through this function will call itself [-Winfinite-recursion,Semantic Issue]
    bool operator> ( const Book & lhs, const Book & rhs ) {return !(rhs > lhs);}
                                                          ^
./Book.cpp:140:59: warning: all paths through this function will call itself [-Winfinite-recursion,Semantic Issue]
    bool operator>=( const Book & lhs, const Book & rhs ) {return !(rhs >= lhs);}
                                                          ^
8 warnings generated.
./Booklist.cpp:68:1: warning: non-void function does not return a value [-Wreturn-type,Semantic Issue]
}
^
./Booklist.cpp:111:70: warning: unused parameter 'rhs' [-Wunused-parameter,Semantic Issue]
BookList & BookList::operator+=( const std::initializer_list<Book> & rhs )
                                                                     ^
./Booklist.cpp:123:51: warning: unused parameter 'rhs' [-Wunused-parameter,Semantic Issue]
BookList & BookList::operator+=( const BookList & rhs )
                                                  ^
./Booklist.cpp:149:1: warning: non-void function does not return a value in all control paths [-Wreturn-type,Semantic Issue]
}
^
./Booklist.cpp:153:42: warning: unused parameter 'book' [-Wunused-parameter,Semantic Issue]
std::size_t BookList::find( const Book & book ) const
                                         ^
./Booklist.cpp:160:1: warning: non-void function does not return a value in all control paths [-Wreturn-type,Semantic Issue]
}
^
./Booklist.cpp:186:37: warning: unused parameter 'book' [-Wunused-parameter,Semantic Issue]
void BookList::insert( const Book & book, std::size_t offsetFromTop )       // insert new book at offsetFromTop, which places it before the current book at offsetFromTop
                                    ^
./Booklist.cpp:295:40: warning: unused parameter 'book' [-Wunused-parameter,Semantic Issue]
void BookList::moveToTop( const Book & book )
                                       ^
8 warnings generated.

Successfully created  "homework_(clang++).exe"

g++ -g0 -O3 -DNDEBUG -pthread -std=c++17 -I./ -DUSING_TOMS_SUGGESTIONS -D__func__=__PRETTY_FUNCTION__ -Wall -Wextra -pedantic -Wdelete-non-virtual-dtor -Wduplicated-branches -Wduplicated-cond -Wextra-semi -Wfloat-equal -Winit-self -Wlogical-op -Wnoexcept -Wnon-virtual-dtor -Wold-style-cast -Wstrict-null-sentinel -Wsuggest-override -Wswitch-default -Wswitch-enum -Woverloaded-virtual -Wuseless-cast -Wzero-as-null-pointer-constant
g++ (SUSE Linux) 10.2.1 20200825 [revision c0746a1beb1ba073c7981eb09f55b3d993b32e5c]
Copyright (C) 2020 Free Software Foundation, Inc.
This is free software; see the source for copying conditions.  There is NO
warranty; not even for MERCHANTABILITY or FITNESS FOR A PARTICULAR PURPOSE.

In file included from ./Book.cpp:7:
./Book.hpp: In constructor ‘Book::Book(std::string_view, std::string_view, std::string_view, double)’:
./Book.hpp:42:17: warning: ‘Book::_author’ will be initialized after [-Wreorder]
   42 |     std::string _author;
      |                 ^~~~~~~
./Book.hpp:40:17: warning:   ‘std::string Book::_isbn’ [-Wreorder]
   40 |     std::string _isbn;
      |                 ^~~~~
./Book.cpp:14:5: warning:   when initialized here [-Wreorder]
   14 |     Book::Book( std::string_view title,
      |     ^~~~
./Book.cpp: In function ‘bool operator==(const Book&, const Book&)’:
./Book.cpp:104:24: warning: comparing floating-point with ‘==’ or ‘!=’ is unsafe [-Wfloat-equal]
  104 |         && (lhs._price == rhs._price) < EPSILON; //std::abs
      |             ~~~~~~~~~~~^~~~~~~~~~~~~
./Book.cpp: In function ‘bool operator<(const Book&, const Book&)’:
./Book.cpp:129:23: warning: comparing floating-point with ‘==’ or ‘!=’ is unsafe [-Wfloat-equal]
  129 |      if ( (lhs._price == rhs._price) >= EPSILON){
      |            ~~~~~~~~~~~^~~~~~~~~~~~~
./Booklist.cpp: In member function ‘std::size_t BookList::books_sl_list_size() const’:
./Booklist.cpp:68:1: warning: no return statement in function returning non-void [-Wreturn-type]
   68 | }
      | ^
./Booklist.cpp: In member function ‘BookList& BookList::operator+=(const std::initializer_list<Book>&)’:
./Booklist.cpp:111:70: warning: unused parameter ‘rhs’ [-Wunused-parameter]
  111 | BookList & BookList::operator+=( const std::initializer_list<Book> & rhs )
      |                                  ~~~~~~~~~~~~~~~~~~~~~~~~~~~~~~~~~~~~^~~
./Booklist.cpp: In member function ‘BookList& BookList::operator+=(const BookList&)’:
./Booklist.cpp:123:51: warning: unused parameter ‘rhs’ [-Wunused-parameter]
  123 | BookList & BookList::operator+=( const BookList & rhs )
      |                                  ~~~~~~~~~~~~~~~~~^~~
./Booklist.cpp: In member function ‘std::size_t BookList::find(const Book&) const’:
./Booklist.cpp:153:42: warning: unused parameter ‘book’ [-Wunused-parameter]
  153 | std::size_t BookList::find( const Book & book ) const
      |                             ~~~~~~~~~~~~~^~~~
./Booklist.cpp: In member function ‘void BookList::insert(const Book&, std::size_t)’:
./Booklist.cpp:186:37: warning: unused parameter ‘book’ [-Wunused-parameter]
  186 | void BookList::insert( const Book & book, std::size_t offsetFromTop )       // insert new book at offsetFromTop, which places it before the current book at offsetFromTop
      |                        ~~~~~~~~~~~~~^~~~
./Booklist.cpp: In member function ‘void BookList::moveToTop(const Book&)’:
./Booklist.cpp:295:40: warning: unused parameter ‘book’ [-Wunused-parameter]
  295 | void BookList::moveToTop( const Book & book )
      |                           ~~~~~~~~~~~~~^~~~
./Booklist.cpp: In member function ‘std::size_t BookList::size() const’:
./Booklist.cpp:149:1: warning: control reaches end of non-void function [-Wreturn-type]
  149 | }
      | ^
./Booklist.cpp: In member function ‘std::size_t BookList::find(const Book&) const’:
./Booklist.cpp:160:1: warning: control reaches end of non-void function [-Wreturn-type]
  160 | }
      | ^

Successfully created  "homework_(g++).exe"
